2020-02-10 00:00:01.515  WARN 20692 --- [main] c.n.c.sources.URLConfigurationSource     : No URLs will be polled as dynamic configuration sources.
2020-02-10 00:00:01.527  INFO 20692 --- [main] c.n.c.sources.URLConfigurationSource     : To enable URLs as dynamic configuration sources, define System property archaius.configurationSource.additionalUrls or make config.properties available on classpath.
2020-02-10 00:00:02.220  INFO 20692 --- [main] o.s.s.concurrent.ThreadPoolTaskExecutor  : Initializing ExecutorService 'applicationTaskExecutor'
2020-02-10 00:00:04.542  WARN 20692 --- [main] ockingLoadBalancerClientRibbonWarnLogger : You already have RibbonLoadBalancerClient on your classpath. It will be used by default. As Spring Cloud Ribbon is in maintenance mode. We recommend switching to BlockingLoadBalancerClient instead. In order to use it, set the value of `spring.cloud.loadbalancer.ribbon.enabled` to `false` or remove spring-cloud-starter-netflix-ribbon from your project.
2020-02-10 00:00:06.074  INFO 20692 --- [main] o.s.c.n.zuul.ZuulFilterInitializer       : Starting filter initializer
2020-02-10 00:00:06.098  INFO 20692 --- [main] o.s.b.a.e.web.EndpointLinksResolver      : Exposing 2 endpoint(s) beneath base path '/actuator'
2020-02-10 00:00:06.166  INFO 20692 --- [main] o.s.c.n.eureka.InstanceInfoFactory       : Setting initial instance status as: STARTING
2020-02-10 00:00:06.343  INFO 20692 --- [main] com.netflix.discovery.DiscoveryClient    : Initializing Eureka in region us-east-1
2020-02-10 00:00:06.523  INFO 20692 --- [main] c.n.d.provider.DiscoveryJerseyProvider   : Using JSON encoding codec LegacyJacksonJson
2020-02-10 00:00:06.524  INFO 20692 --- [main] c.n.d.provider.DiscoveryJerseyProvider   : Using JSON decoding codec LegacyJacksonJson
2020-02-10 00:00:06.907  INFO 20692 --- [main] c.n.d.provider.DiscoveryJerseyProvider   : Using XML encoding codec XStreamXml
2020-02-10 00:00:06.907  INFO 20692 --- [main] c.n.d.provider.DiscoveryJerseyProvider   : Using XML decoding codec XStreamXml
2020-02-10 00:00:07.350  INFO 20692 --- [main] c.n.d.s.r.aws.ConfigClusterResolver      : Resolving eureka endpoints via configuration
2020-02-10 00:00:08.200  INFO 20692 --- [main] com.netflix.discovery.DiscoveryClient    : Disable delta property : false
2020-02-10 00:00:08.201  INFO 20692 --- [main] com.netflix.discovery.DiscoveryClient    : Single vip registry refresh property : null
2020-02-10 00:00:08.202  INFO 20692 --- [main] com.netflix.discovery.DiscoveryClient    : Force full registry fetch : false
2020-02-10 00:00:08.202  INFO 20692 --- [main] com.netflix.discovery.DiscoveryClient    : Application is null : false
2020-02-10 00:00:08.203  INFO 20692 --- [main] com.netflix.discovery.DiscoveryClient    : Registered Applications size is zero : true
2020-02-10 00:00:08.203  INFO 20692 --- [main] com.netflix.discovery.DiscoveryClient    : Application version is -1: true
2020-02-10 00:00:08.203  INFO 20692 --- [main] com.netflix.discovery.DiscoveryClient    : Getting all instance registry info from the eureka server
2020-02-10 00:00:08.565  INFO 20692 --- [main] com.netflix.discovery.DiscoveryClient    : The response status is 200
2020-02-10 00:00:08.571  INFO 20692 --- [main] com.netflix.discovery.DiscoveryClient    : Starting heartbeat executor: renew interval is: 30
2020-02-10 00:00:08.575  INFO 20692 --- [main] c.n.discovery.InstanceInfoReplicator     : InstanceInfoReplicator onDemand update allowed rate per min is 4
2020-02-10 00:00:08.583  INFO 20692 --- [main] com.netflix.discovery.DiscoveryClient    : Discovery Client initialized at timestamp 1581289208580 with initial instances count: 5
2020-02-10 00:00:08.590  INFO 20692 --- [main] o.s.c.n.e.s.EurekaServiceRegistry        : Registering application API-GATEWAY-SERVICE with eureka with status UP
2020-02-10 00:00:08.591  INFO 20692 --- [main] com.netflix.discovery.DiscoveryClient    : Saw local status change event StatusChangeEvent [timestamp=1581289208591, current=UP, previous=STARTING]
2020-02-10 00:00:08.597  INFO 20692 --- [DiscoveryClient-InstanceInfoReplicator-0] com.netflix.discovery.DiscoveryClient    : DiscoveryClient_API-GATEWAY-SERVICE/WSNL-TFhHJVjWFM.eeghlan.net:api-gateway-service:8081: registering service...
2020-02-10 00:00:08.679  INFO 20692 --- [DiscoveryClient-InstanceInfoReplicator-0] com.netflix.discovery.DiscoveryClient    : DiscoveryClient_API-GATEWAY-SERVICE/WSNL-TFhHJVjWFM.eeghlan.net:api-gateway-service:8081 - registration status: 204
2020-02-10 00:00:08.717  INFO 20692 --- [main] o.s.b.w.embedded.tomcat.TomcatWebServer  : Tomcat started on port(s): 8081 (http) with context path ''
2020-02-10 00:00:08.720  INFO 20692 --- [main] .s.c.n.e.s.EurekaAutoServiceRegistration : Updating port to 8081
2020-02-10 00:00:10.295  INFO 20692 --- [main] a.g.apigateway.ApiGatewayApplication     : Started ApiGatewayApplication in 20.509 seconds (JVM running for 21.366)
2020-02-10 00:00:29.471  INFO 20692 --- [http-nio-8081-exec-1] o.a.c.c.C.[Tomcat].[localhost].[/]       : Initializing Spring DispatcherServlet 'dispatcherServlet'
2020-02-10 00:00:29.472  INFO 20692 --- [http-nio-8081-exec-1] o.s.web.servlet.DispatcherServlet        : Initializing Servlet 'dispatcherServlet'
2020-02-10 00:00:29.493  INFO 20692 --- [http-nio-8081-exec-1] o.s.web.servlet.DispatcherServlet        : Completed initialization in 20 ms
2020-02-10 00:01:44.281  INFO 20692 --- [http-nio-8081-exec-5] a.g.apigateway.filter.LoggingPreFilter   : GET request to http://localhost:8081/movie-info-service
2020-02-10 00:01:44.676  INFO 20692 --- [http-nio-8081-exec-5] c.netflix.config.ChainedDynamicProperty  : Flipping property: movie-info-service.ribbon.ActiveConnectionsLimit to use NEXT property: niws.loadbalancer.availabilityFilteringRule.activeConnectionsLimit = 2147483647
2020-02-10 00:01:44.776  INFO 20692 --- [http-nio-8081-exec-5] c.n.u.concurrent.ShutdownEnabledTimer    : Shutdown hook installed for: NFLoadBalancer-PingTimer-movie-info-service
2020-02-10 00:01:44.777  INFO 20692 --- [http-nio-8081-exec-5] c.netflix.loadbalancer.BaseLoadBalancer  : Client: movie-info-service instantiated a LoadBalancer: DynamicServerListLoadBalancer:{NFLoadBalancer:name=movie-info-service,current list of Servers=[],Load balancer stats=Zone stats: {},Server stats: []}ServerList:null
2020-02-10 00:01:44.796  INFO 20692 --- [http-nio-8081-exec-5] c.n.l.DynamicServerListLoadBalancer      : Using serverListUpdater PollingServerListUpdater
2020-02-10 00:01:44.858  INFO 20692 --- [http-nio-8081-exec-5] c.netflix.config.ChainedDynamicProperty  : Flipping property: movie-info-service.ribbon.ActiveConnectionsLimit to use NEXT property: niws.loadbalancer.availabilityFilteringRule.activeConnectionsLimit = 2147483647
2020-02-10 00:01:44.865  INFO 20692 --- [http-nio-8081-exec-5] c.n.l.DynamicServerListLoadBalancer      : DynamicServerListLoadBalancer for client movie-info-service initialized: DynamicServerListLoadBalancer:{NFLoadBalancer:name=movie-info-service,current list of Servers=[WSNL-TFhHJVjWFM.eeghlan.net:8180],Load balancer stats=Zone stats: {defaultzone=[Zone:defaultzone;	Instance count:1;	Active connections count: 0;	Circuit breaker tripped count: 0;	Active connections per server: 0.0;]
},Server stats: [[Server:WSNL-TFhHJVjWFM.eeghlan.net:8180;	Zone:defaultZone;	Total Requests:0;	Successive connection failure:0;	Total blackout seconds:0;	Last connection made:Thu Jan 01 01:00:00 CET 1970;	First connection made: Thu Jan 01 01:00:00 CET 1970;	Active Connections:0;	total failure count in last (1000) msecs:0;	average resp time:0.0;	90 percentile resp time:0.0;	95 percentile resp time:0.0;	min resp time:0.0;	max resp time:0.0;	stddev resp time:0.0]
]}ServerList:org.springframework.cloud.netflix.ribbon.eureka.DomainExtractingServerList@1425a62
2020-02-10 00:01:45.804  INFO 20692 --- [PollingServerListUpdater-0] c.netflix.config.ChainedDynamicProperty  : Flipping property: movie-info-service.ribbon.ActiveConnectionsLimit to use NEXT property: niws.loadbalancer.availabilityFilteringRule.activeConnectionsLimit = 2147483647
2020-02-10 00:01:50.591  INFO 20692 --- [http-nio-8081-exec-6] a.g.apigateway.filter.LoggingPreFilter   : GET request to http://localhost:8081/movie-info-service/movies
2020-02-10 00:02:33.466  INFO 20692 --- [http-nio-8081-exec-8] a.g.apigateway.filter.LoggingPreFilter   : GET request to http://localhost:8081/movie-catalog-service/dbmovies/user
2020-02-10 00:02:33.608  INFO 20692 --- [http-nio-8081-exec-8] c.netflix.config.ChainedDynamicProperty  : Flipping property: movie-catalog-service.ribbon.ActiveConnectionsLimit to use NEXT property: niws.loadbalancer.availabilityFilteringRule.activeConnectionsLimit = 2147483647
2020-02-10 00:02:33.614  INFO 20692 --- [http-nio-8081-exec-8] c.n.u.concurrent.ShutdownEnabledTimer    : Shutdown hook installed for: NFLoadBalancer-PingTimer-movie-catalog-service
2020-02-10 00:02:33.614  INFO 20692 --- [http-nio-8081-exec-8] c.netflix.loadbalancer.BaseLoadBalancer  : Client: movie-catalog-service instantiated a LoadBalancer: DynamicServerListLoadBalancer:{NFLoadBalancer:name=movie-catalog-service,current list of Servers=[],Load balancer stats=Zone stats: {},Server stats: []}ServerList:null
2020-02-10 00:02:33.619  INFO 20692 --- [http-nio-8081-exec-8] c.n.l.DynamicServerListLoadBalancer      : Using serverListUpdater PollingServerListUpdater
2020-02-10 00:02:33.623  INFO 20692 --- [http-nio-8081-exec-8] c.netflix.config.ChainedDynamicProperty  : Flipping property: movie-catalog-service.ribbon.ActiveConnectionsLimit to use NEXT property: niws.loadbalancer.availabilityFilteringRule.activeConnectionsLimit = 2147483647
2020-02-10 00:02:33.626  INFO 20692 --- [http-nio-8081-exec-8] c.n.l.DynamicServerListLoadBalancer      : DynamicServerListLoadBalancer for client movie-catalog-service initialized: DynamicServerListLoadBalancer:{NFLoadBalancer:name=movie-catalog-service,current list of Servers=[WSNL-TFhHJVjWFM.eeghlan.net:8380],Load balancer stats=Zone stats: {defaultzone=[Zone:defaultzone;	Instance count:1;	Active connections count: 0;	Circuit breaker tripped count: 0;	Active connections per server: 0.0;]
},Server stats: [[Server:WSNL-TFhHJVjWFM.eeghlan.net:8380;	Zone:defaultZone;	Total Requests:0;	Successive connection failure:0;	Total blackout seconds:0;	Last connection made:Thu Jan 01 01:00:00 CET 1970;	First connection made: Thu Jan 01 01:00:00 CET 1970;	Active Connections:0;	total failure count in last (1000) msecs:0;	average resp time:0.0;	90 percentile resp time:0.0;	95 percentile resp time:0.0;	min resp time:0.0;	max resp time:0.0;	stddev resp time:0.0]
]}ServerList:org.springframework.cloud.netflix.ribbon.eureka.DomainExtractingServerList@6b6389a5
2020-02-10 00:02:34.622  INFO 20692 --- [PollingServerListUpdater-0] c.netflix.config.ChainedDynamicProperty  : Flipping property: movie-catalog-service.ribbon.ActiveConnectionsLimit to use NEXT property: niws.loadbalancer.availabilityFilteringRule.activeConnectionsLimit = 2147483647
2020-02-10 00:02:49.118  INFO 20692 --- [http-nio-8081-exec-10] a.g.apigateway.filter.LoggingPreFilter   : GET request to http://localhost:8081/movie-catalog-service/catalog/dbmovies/user
2020-02-10 00:04:44.773  INFO [api-gateway-service,,,] 10008 --- [main] a.g.apigateway.ApiGatewayApplication     : No active profile set, falling back to default profiles: default
2020-02-10 00:04:45.940  WARN [api-gateway-service,,,] 10008 --- [main] o.s.boot.actuate.endpoint.EndpointId     : Endpoint ID 'service-registry' contains invalid characters, please migrate to a valid format.
2020-02-10 00:04:46.045  WARN [api-gateway-service,,,] 10008 --- [main] o.s.boot.actuate.endpoint.EndpointId     : Endpoint ID 'hystrix.stream' contains invalid characters, please migrate to a valid format.
2020-02-10 00:04:46.313  INFO [api-gateway-service,,,] 10008 --- [main] o.s.cloud.context.scope.GenericScope     : BeanFactory id=3aa5ea33-e546-3fae-a910-fd75e4a8cbc5
2020-02-10 00:04:47.958  INFO [api-gateway-service,,,] 10008 --- [main] o.s.b.w.embedded.tomcat.TomcatWebServer  : Tomcat initialized with port(s): 8081 (http)
2020-02-10 00:04:47.971  INFO [api-gateway-service,,,] 10008 --- [main] o.apache.catalina.core.StandardService   : Starting service [Tomcat]
2020-02-10 00:04:47.972  INFO [api-gateway-service,,,] 10008 --- [main] org.apache.catalina.core.StandardEngine  : Starting Servlet engine: [Apache Tomcat/9.0.30]
2020-02-10 00:04:48.274  INFO [api-gateway-service,,,] 10008 --- [main] o.a.c.c.C.[Tomcat].[localhost].[/]       : Initializing Spring embedded WebApplicationContext
2020-02-10 00:04:48.275  INFO [api-gateway-service,,,] 10008 --- [main] o.s.web.context.ContextLoader            : Root WebApplicationContext: initialization completed in 3475 ms
2020-02-10 00:04:48.467  WARN [api-gateway-service,,,] 10008 --- [main] c.n.c.sources.URLConfigurationSource     : No URLs will be polled as dynamic configuration sources.
2020-02-10 00:04:48.468  INFO [api-gateway-service,,,] 10008 --- [main] c.n.c.sources.URLConfigurationSource     : To enable URLs as dynamic configuration sources, define System property archaius.configurationSource.additionalUrls or make config.properties available on classpath.
2020-02-10 00:04:48.490  INFO [api-gateway-service,,,] 10008 --- [main] c.netflix.config.DynamicPropertyFactory  : DynamicPropertyFactory is initialized with configuration sources: com.netflix.config.ConcurrentCompositeConfiguration@36d33f4
2020-02-10 00:04:52.288  WARN [api-gateway-service,,,] 10008 --- [main] c.n.c.sources.URLConfigurationSource     : No URLs will be polled as dynamic configuration sources.
2020-02-10 00:04:52.289  INFO [api-gateway-service,,,] 10008 --- [main] c.n.c.sources.URLConfigurationSource     : To enable URLs as dynamic configuration sources, define System property archaius.configurationSource.additionalUrls or make config.properties available on classpath.
2020-02-10 00:04:52.753  INFO [api-gateway-service,,,] 10008 --- [main] o.s.s.concurrent.ThreadPoolTaskExecutor  : Initializing ExecutorService 'applicationTaskExecutor'
2020-02-10 00:04:54.738  WARN [api-gateway-service,,,] 10008 --- [main] ockingLoadBalancerClientRibbonWarnLogger : You already have RibbonLoadBalancerClient on your classpath. It will be used by default. As Spring Cloud Ribbon is in maintenance mode. We recommend switching to BlockingLoadBalancerClient instead. In order to use it, set the value of `spring.cloud.loadbalancer.ribbon.enabled` to `false` or remove spring-cloud-starter-netflix-ribbon from your project.
2020-02-10 00:04:56.842  INFO [api-gateway-service,,,] 10008 --- [main] o.s.c.n.zuul.ZuulFilterInitializer       : Starting filter initializer
2020-02-10 00:04:56.976  INFO [api-gateway-service,,,] 10008 --- [main] o.s.b.a.e.web.EndpointLinksResolver      : Exposing 2 endpoint(s) beneath base path '/actuator'
2020-02-10 00:04:57.029  INFO [api-gateway-service,,,] 10008 --- [main] o.s.c.n.eureka.InstanceInfoFactory       : Setting initial instance status as: STARTING
2020-02-10 00:04:57.127  INFO [api-gateway-service,,,] 10008 --- [main] com.netflix.discovery.DiscoveryClient    : Initializing Eureka in region us-east-1
2020-02-10 00:04:57.216  INFO [api-gateway-service,,,] 10008 --- [main] c.n.d.provider.DiscoveryJerseyProvider   : Using JSON encoding codec LegacyJacksonJson
2020-02-10 00:04:57.217  INFO [api-gateway-service,,,] 10008 --- [main] c.n.d.provider.DiscoveryJerseyProvider   : Using JSON decoding codec LegacyJacksonJson
2020-02-10 00:04:57.411  INFO [api-gateway-service,,,] 10008 --- [main] c.n.d.provider.DiscoveryJerseyProvider   : Using XML encoding codec XStreamXml
2020-02-10 00:04:57.411  INFO [api-gateway-service,,,] 10008 --- [main] c.n.d.provider.DiscoveryJerseyProvider   : Using XML decoding codec XStreamXml
2020-02-10 00:04:57.664  INFO [api-gateway-service,,,] 10008 --- [main] c.n.d.s.r.aws.ConfigClusterResolver      : Resolving eureka endpoints via configuration
2020-02-10 00:04:58.134  INFO [api-gateway-service,,,] 10008 --- [main] com.netflix.discovery.DiscoveryClient    : Disable delta property : false
2020-02-10 00:04:58.135  INFO [api-gateway-service,,,] 10008 --- [main] com.netflix.discovery.DiscoveryClient    : Single vip registry refresh property : null
2020-02-10 00:04:58.135  INFO [api-gateway-service,,,] 10008 --- [main] com.netflix.discovery.DiscoveryClient    : Force full registry fetch : false
2020-02-10 00:04:58.135  INFO [api-gateway-service,,,] 10008 --- [main] com.netflix.discovery.DiscoveryClient    : Application is null : false
2020-02-10 00:04:58.135  INFO [api-gateway-service,,,] 10008 --- [main] com.netflix.discovery.DiscoveryClient    : Registered Applications size is zero : true
2020-02-10 00:04:58.135  INFO [api-gateway-service,,,] 10008 --- [main] com.netflix.discovery.DiscoveryClient    : Application version is -1: true
2020-02-10 00:04:58.136  INFO [api-gateway-service,,,] 10008 --- [main] com.netflix.discovery.DiscoveryClient    : Getting all instance registry info from the eureka server
2020-02-10 00:04:58.357  INFO [api-gateway-service,,,] 10008 --- [main] com.netflix.discovery.DiscoveryClient    : The response status is 200
2020-02-10 00:04:58.361  INFO [api-gateway-service,,,] 10008 --- [main] com.netflix.discovery.DiscoveryClient    : Starting heartbeat executor: renew interval is: 30
2020-02-10 00:04:58.367  INFO [api-gateway-service,,,] 10008 --- [main] c.n.discovery.InstanceInfoReplicator     : InstanceInfoReplicator onDemand update allowed rate per min is 4
2020-02-10 00:04:58.374  INFO [api-gateway-service,,,] 10008 --- [main] com.netflix.discovery.DiscoveryClient    : Discovery Client initialized at timestamp 1581289498373 with initial instances count: 5
2020-02-10 00:04:58.387  INFO [api-gateway-service,,,] 10008 --- [main] o.s.c.n.e.s.EurekaServiceRegistry        : Registering application API-GATEWAY-SERVICE with eureka with status UP
2020-02-10 00:04:58.388  INFO [api-gateway-service,,,] 10008 --- [main] com.netflix.discovery.DiscoveryClient    : Saw local status change event StatusChangeEvent [timestamp=1581289498388, current=UP, previous=STARTING]
2020-02-10 00:04:58.392  INFO [api-gateway-service,,,] 10008 --- [DiscoveryClient-InstanceInfoReplicator-0] com.netflix.discovery.DiscoveryClient    : DiscoveryClient_API-GATEWAY-SERVICE/WSNL-TFhHJVjWFM.eeghlan.net:api-gateway-service:8081: registering service...
2020-02-10 00:04:58.441  INFO [api-gateway-service,,,] 10008 --- [DiscoveryClient-InstanceInfoReplicator-0] com.netflix.discovery.DiscoveryClient    : DiscoveryClient_API-GATEWAY-SERVICE/WSNL-TFhHJVjWFM.eeghlan.net:api-gateway-service:8081 - registration status: 204
2020-02-10 00:04:58.469  INFO [api-gateway-service,,,] 10008 --- [main] o.s.b.w.embedded.tomcat.TomcatWebServer  : Tomcat started on port(s): 8081 (http) with context path ''
2020-02-10 00:04:58.470  INFO [api-gateway-service,,,] 10008 --- [main] .s.c.n.e.s.EurekaAutoServiceRegistration : Updating port to 8081
2020-02-10 00:04:59.228  INFO [api-gateway-service,,,] 10008 --- [main] a.g.apigateway.ApiGatewayApplication     : Started ApiGatewayApplication in 17.537 seconds (JVM running for 18.398)
2020-02-10 00:05:21.506  INFO [api-gateway-service,,,] 10008 --- [http-nio-8081-exec-1] o.a.c.c.C.[Tomcat].[localhost].[/]       : Initializing Spring DispatcherServlet 'dispatcherServlet'
2020-02-10 00:05:21.507  INFO [api-gateway-service,,,] 10008 --- [http-nio-8081-exec-1] o.s.web.servlet.DispatcherServlet        : Initializing Servlet 'dispatcherServlet'
2020-02-10 00:05:21.547  INFO [api-gateway-service,,,] 10008 --- [http-nio-8081-exec-1] o.s.web.servlet.DispatcherServlet        : Completed initialization in 39 ms
2020-02-10 00:05:21.901  INFO [api-gateway-service,af28620cc99870f1,af28620cc99870f1,true] 10008 --- [http-nio-8081-exec-1] a.g.apigateway.filter.LoggingPreFilter   : GET request to http://localhost:8081/movie-catalog-service/catalog/dbmovies/user
2020-02-10 00:05:22.272  INFO [api-gateway-service,af28620cc99870f1,af28620cc99870f1,true] 10008 --- [http-nio-8081-exec-1] c.netflix.config.ChainedDynamicProperty  : Flipping property: movie-catalog-service.ribbon.ActiveConnectionsLimit to use NEXT property: niws.loadbalancer.availabilityFilteringRule.activeConnectionsLimit = 2147483647
2020-02-10 00:05:22.370  INFO [api-gateway-service,af28620cc99870f1,af28620cc99870f1,true] 10008 --- [http-nio-8081-exec-1] c.n.u.concurrent.ShutdownEnabledTimer    : Shutdown hook installed for: NFLoadBalancer-PingTimer-movie-catalog-service
2020-02-10 00:05:22.371  INFO [api-gateway-service,af28620cc99870f1,af28620cc99870f1,true] 10008 --- [http-nio-8081-exec-1] c.netflix.loadbalancer.BaseLoadBalancer  : Client: movie-catalog-service instantiated a LoadBalancer: DynamicServerListLoadBalancer:{NFLoadBalancer:name=movie-catalog-service,current list of Servers=[],Load balancer stats=Zone stats: {},Server stats: []}ServerList:null
2020-02-10 00:05:22.388  INFO [api-gateway-service,af28620cc99870f1,af28620cc99870f1,true] 10008 --- [http-nio-8081-exec-1] c.n.l.DynamicServerListLoadBalancer      : Using serverListUpdater PollingServerListUpdater
2020-02-10 00:05:22.446  INFO [api-gateway-service,af28620cc99870f1,af28620cc99870f1,true] 10008 --- [http-nio-8081-exec-1] c.netflix.config.ChainedDynamicProperty  : Flipping property: movie-catalog-service.ribbon.ActiveConnectionsLimit to use NEXT property: niws.loadbalancer.availabilityFilteringRule.activeConnectionsLimit = 2147483647
2020-02-10 00:05:22.450  INFO [api-gateway-service,af28620cc99870f1,af28620cc99870f1,true] 10008 --- [http-nio-8081-exec-1] c.n.l.DynamicServerListLoadBalancer      : DynamicServerListLoadBalancer for client movie-catalog-service initialized: DynamicServerListLoadBalancer:{NFLoadBalancer:name=movie-catalog-service,current list of Servers=[WSNL-TFhHJVjWFM.eeghlan.net:8380],Load balancer stats=Zone stats: {defaultzone=[Zone:defaultzone;	Instance count:1;	Active connections count: 0;	Circuit breaker tripped count: 0;	Active connections per server: 0.0;]
},Server stats: [[Server:WSNL-TFhHJVjWFM.eeghlan.net:8380;	Zone:defaultZone;	Total Requests:0;	Successive connection failure:0;	Total blackout seconds:0;	Last connection made:Thu Jan 01 01:00:00 CET 1970;	First connection made: Thu Jan 01 01:00:00 CET 1970;	Active Connections:0;	total failure count in last (1000) msecs:0;	average resp time:0.0;	90 percentile resp time:0.0;	95 percentile resp time:0.0;	min resp time:0.0;	max resp time:0.0;	stddev resp time:0.0]
]}ServerList:org.springframework.cloud.netflix.ribbon.eureka.DomainExtractingServerList@4a12bb6c
2020-02-10 00:05:23.396  INFO [api-gateway-service,,,] 10008 --- [PollingServerListUpdater-0] c.netflix.config.ChainedDynamicProperty  : Flipping property: movie-catalog-service.ribbon.ActiveConnectionsLimit to use NEXT property: niws.loadbalancer.availabilityFilteringRule.activeConnectionsLimit = 2147483647
2020-02-10 00:07:13.488  INFO [api-gateway-service,1daf7530f8a3e7d4,1daf7530f8a3e7d4,true] 10008 --- [http-nio-8081-exec-4] a.g.apigateway.filter.LoggingPreFilter   : GET request to http://localhost:8081/movie-ratings-service
2020-02-10 00:07:13.565  INFO [api-gateway-service,1daf7530f8a3e7d4,1daf7530f8a3e7d4,true] 10008 --- [http-nio-8081-exec-4] c.netflix.config.ChainedDynamicProperty  : Flipping property: movie-ratings-service.ribbon.ActiveConnectionsLimit to use NEXT property: niws.loadbalancer.availabilityFilteringRule.activeConnectionsLimit = 2147483647
2020-02-10 00:07:13.568  INFO [api-gateway-service,1daf7530f8a3e7d4,1daf7530f8a3e7d4,true] 10008 --- [http-nio-8081-exec-4] c.n.u.concurrent.ShutdownEnabledTimer    : Shutdown hook installed for: NFLoadBalancer-PingTimer-movie-ratings-service
2020-02-10 00:07:13.569  INFO [api-gateway-service,1daf7530f8a3e7d4,1daf7530f8a3e7d4,true] 10008 --- [http-nio-8081-exec-4] c.netflix.loadbalancer.BaseLoadBalancer  : Client: movie-ratings-service instantiated a LoadBalancer: DynamicServerListLoadBalancer:{NFLoadBalancer:name=movie-ratings-service,current list of Servers=[],Load balancer stats=Zone stats: {},Server stats: []}ServerList:null
2020-02-10 00:07:13.572  INFO [api-gateway-service,1daf7530f8a3e7d4,1daf7530f8a3e7d4,true] 10008 --- [http-nio-8081-exec-4] c.n.l.DynamicServerListLoadBalancer      : Using serverListUpdater PollingServerListUpdater
2020-02-10 00:07:13.574  INFO [api-gateway-service,1daf7530f8a3e7d4,1daf7530f8a3e7d4,true] 10008 --- [http-nio-8081-exec-4] c.netflix.config.ChainedDynamicProperty  : Flipping property: movie-ratings-service.ribbon.ActiveConnectionsLimit to use NEXT property: niws.loadbalancer.availabilityFilteringRule.activeConnectionsLimit = 2147483647
2020-02-10 00:07:13.576  INFO [api-gateway-service,1daf7530f8a3e7d4,1daf7530f8a3e7d4,true] 10008 --- [http-nio-8081-exec-4] c.n.l.DynamicServerListLoadBalancer      : DynamicServerListLoadBalancer for client movie-ratings-service initialized: DynamicServerListLoadBalancer:{NFLoadBalancer:name=movie-ratings-service,current list of Servers=[WSNL-TFhHJVjWFM.eeghlan.net:8280],Load balancer stats=Zone stats: {defaultzone=[Zone:defaultzone;	Instance count:1;	Active connections count: 0;	Circuit breaker tripped count: 0;	Active connections per server: 0.0;]
},Server stats: [[Server:WSNL-TFhHJVjWFM.eeghlan.net:8280;	Zone:defaultZone;	Total Requests:0;	Successive connection failure:0;	Total blackout seconds:0;	Last connection made:Thu Jan 01 01:00:00 CET 1970;	First connection made: Thu Jan 01 01:00:00 CET 1970;	Active Connections:0;	total failure count in last (1000) msecs:0;	average resp time:0.0;	90 percentile resp time:0.0;	95 percentile resp time:0.0;	min resp time:0.0;	max resp time:0.0;	stddev resp time:0.0]
]}ServerList:org.springframework.cloud.netflix.ribbon.eureka.DomainExtractingServerList@cb747fd
2020-02-10 00:07:14.575  INFO [api-gateway-service,,,] 10008 --- [PollingServerListUpdater-0] c.netflix.config.ChainedDynamicProperty  : Flipping property: movie-ratings-service.ribbon.ActiveConnectionsLimit to use NEXT property: niws.loadbalancer.availabilityFilteringRule.activeConnectionsLimit = 2147483647
2020-02-10 00:09:58.140  INFO [api-gateway-service,,,] 10008 --- [AsyncResolver-bootstrap-executor-0] c.n.d.s.r.aws.ConfigClusterResolver      : Resolving eureka endpoints via configuration
2020-02-10 00:14:58.143  INFO [api-gateway-service,,,] 10008 --- [AsyncResolver-bootstrap-executor-0] c.n.d.s.r.aws.ConfigClusterResolver      : Resolving eureka endpoints via configuration
2020-02-10 00:20:16.556  INFO [api-gateway-service,,,] 10008 --- [AsyncResolver-bootstrap-executor-0] c.n.d.s.r.aws.ConfigClusterResolver      : Resolving eureka endpoints via configuration
2020-02-10 00:25:16.559  INFO [api-gateway-service,,,] 10008 --- [AsyncResolver-bootstrap-executor-0] c.n.d.s.r.aws.ConfigClusterResolver      : Resolving eureka endpoints via configuration
2020-02-10 00:30:16.561  INFO [api-gateway-service,,,] 10008 --- [AsyncResolver-bootstrap-executor-0] c.n.d.s.r.aws.ConfigClusterResolver      : Resolving eureka endpoints via configuration
2020-02-10 00:35:16.564  INFO [api-gateway-service,,,] 10008 --- [AsyncResolver-bootstrap-executor-0] c.n.d.s.r.aws.ConfigClusterResolver      : Resolving eureka endpoints via configuration
2020-02-10 00:40:16.567  INFO [api-gateway-service,,,] 10008 --- [AsyncResolver-bootstrap-executor-0] c.n.d.s.r.aws.ConfigClusterResolver      : Resolving eureka endpoints via configuration
2020-02-10 00:45:16.568  INFO [api-gateway-service,,,] 10008 --- [AsyncResolver-bootstrap-executor-0] c.n.d.s.r.aws.ConfigClusterResolver      : Resolving eureka endpoints via configuration
2020-02-10 00:50:16.570  INFO [api-gateway-service,,,] 10008 --- [AsyncResolver-bootstrap-executor-0] c.n.d.s.r.aws.ConfigClusterResolver      : Resolving eureka endpoints via configuration
2020-02-10 00:55:16.573  INFO [api-gateway-service,,,] 10008 --- [AsyncResolver-bootstrap-executor-0] c.n.d.s.r.aws.ConfigClusterResolver      : Resolving eureka endpoints via configuration
2020-02-10 01:00:16.575  INFO [api-gateway-service,,,] 10008 --- [AsyncResolver-bootstrap-executor-0] c.n.d.s.r.aws.ConfigClusterResolver      : Resolving eureka endpoints via configuration
2020-02-10 01:05:16.577  INFO [api-gateway-service,,,] 10008 --- [AsyncResolver-bootstrap-executor-0] c.n.d.s.r.aws.ConfigClusterResolver      : Resolving eureka endpoints via configuration
2020-02-10 01:10:16.581  INFO [api-gateway-service,,,] 10008 --- [AsyncResolver-bootstrap-executor-0] c.n.d.s.r.aws.ConfigClusterResolver      : Resolving eureka endpoints via configuration
2020-02-10 01:15:16.583  INFO [api-gateway-service,,,] 10008 --- [AsyncResolver-bootstrap-executor-0] c.n.d.s.r.aws.ConfigClusterResolver      : Resolving eureka endpoints via configuration
2020-02-10 01:20:16.586  INFO [api-gateway-service,,,] 10008 --- [AsyncResolver-bootstrap-executor-0] c.n.d.s.r.aws.ConfigClusterResolver      : Resolving eureka endpoints via configuration
2020-02-10 01:25:16.590  INFO [api-gateway-service,,,] 10008 --- [AsyncResolver-bootstrap-executor-0] c.n.d.s.r.aws.ConfigClusterResolver      : Resolving eureka endpoints via configuration
2020-02-10 01:30:16.592  INFO [api-gateway-service,,,] 10008 --- [AsyncResolver-bootstrap-executor-0] c.n.d.s.r.aws.ConfigClusterResolver      : Resolving eureka endpoints via configuration
2020-02-10 01:35:16.595  INFO [api-gateway-service,,,] 10008 --- [AsyncResolver-bootstrap-executor-0] c.n.d.s.r.aws.ConfigClusterResolver      : Resolving eureka endpoints via configuration
2020-02-10 01:40:16.598  INFO [api-gateway-service,,,] 10008 --- [AsyncResolver-bootstrap-executor-0] c.n.d.s.r.aws.ConfigClusterResolver      : Resolving eureka endpoints via configuration
2020-02-10 01:45:16.600  INFO [api-gateway-service,,,] 10008 --- [AsyncResolver-bootstrap-executor-0] c.n.d.s.r.aws.ConfigClusterResolver      : Resolving eureka endpoints via configuration
2020-02-10 01:53:34.639  INFO [api-gateway-service,,,] 7452 --- [main] c.c.c.ConfigServicePropertySourceLocator : Fetching config from server at : http://localhost:8888
2020-02-10 01:53:36.293  INFO [api-gateway-service,,,] 7452 --- [main] c.c.c.ConfigServicePropertySourceLocator : Located environment: name=api-gateway-service, profiles=[default], label=null, version=4f85646f5754906cbf6e9a7a0eedc73214b2d2ff, state=null
2020-02-10 01:53:36.294  INFO [api-gateway-service,,,] 7452 --- [main] b.c.PropertySourceBootstrapConfiguration : Located property source: [BootstrapPropertySource {name='bootstrapProperties-configClient'}, BootstrapPropertySource {name='bootstrapProperties-https://github.com/pankaj-sharma151290/spring-cloud-config-repo.git/api-gateway-service.properties'}]
2020-02-10 01:53:36.322  INFO [api-gateway-service,,,] 7452 --- [main] a.g.apigateway.ApiGatewayApplication     : No active profile set, falling back to default profiles: default
2020-02-10 01:53:37.336  WARN [api-gateway-service,,,] 7452 --- [main] o.s.boot.actuate.endpoint.EndpointId     : Endpoint ID 'service-registry' contains invalid characters, please migrate to a valid format.
2020-02-10 01:53:37.423  WARN [api-gateway-service,,,] 7452 --- [main] o.s.boot.actuate.endpoint.EndpointId     : Endpoint ID 'hystrix.stream' contains invalid characters, please migrate to a valid format.
2020-02-10 01:53:37.750  INFO [api-gateway-service,,,] 7452 --- [main] o.s.cloud.context.scope.GenericScope     : BeanFactory id=50f7a570-2634-3e29-a01b-9585eb00600a
2020-02-10 01:53:39.586  INFO [api-gateway-service,,,] 7452 --- [main] o.s.b.w.embedded.tomcat.TomcatWebServer  : Tomcat initialized with port(s): 8081 (http)
2020-02-10 01:53:39.594  INFO [api-gateway-service,,,] 7452 --- [main] o.apache.catalina.core.StandardService   : Starting service [Tomcat]
2020-02-10 01:53:39.595  INFO [api-gateway-service,,,] 7452 --- [main] org.apache.catalina.core.StandardEngine  : Starting Servlet engine: [Apache Tomcat/9.0.30]
2020-02-10 01:53:39.741  INFO [api-gateway-service,,,] 7452 --- [main] o.a.c.c.C.[Tomcat].[localhost].[/]       : Initializing Spring embedded WebApplicationContext
2020-02-10 01:53:39.742  INFO [api-gateway-service,,,] 7452 --- [main] o.s.web.context.ContextLoader            : Root WebApplicationContext: initialization completed in 3405 ms
2020-02-10 01:53:39.913  WARN [api-gateway-service,,,] 7452 --- [main] c.n.c.sources.URLConfigurationSource     : No URLs will be polled as dynamic configuration sources.
2020-02-10 01:53:39.913  INFO [api-gateway-service,,,] 7452 --- [main] c.n.c.sources.URLConfigurationSource     : To enable URLs as dynamic configuration sources, define System property archaius.configurationSource.additionalUrls or make config.properties available on classpath.
2020-02-10 01:53:39.929  INFO [api-gateway-service,,,] 7452 --- [main] c.netflix.config.DynamicPropertyFactory  : DynamicPropertyFactory is initialized with configuration sources: com.netflix.config.ConcurrentCompositeConfiguration@7ef8eda7
2020-02-10 01:53:43.168  WARN [api-gateway-service,,,] 7452 --- [main] c.n.c.sources.URLConfigurationSource     : No URLs will be polled as dynamic configuration sources.
2020-02-10 01:53:43.168  INFO [api-gateway-service,,,] 7452 --- [main] c.n.c.sources.URLConfigurationSource     : To enable URLs as dynamic configuration sources, define System property archaius.configurationSource.additionalUrls or make config.properties available on classpath.
2020-02-10 01:53:43.771  INFO [api-gateway-service,,,] 7452 --- [main] o.s.s.concurrent.ThreadPoolTaskExecutor  : Initializing ExecutorService 'applicationTaskExecutor'
2020-02-10 01:53:45.303  WARN [api-gateway-service,,,] 7452 --- [main] ockingLoadBalancerClientRibbonWarnLogger : You already have RibbonLoadBalancerClient on your classpath. It will be used by default. As Spring Cloud Ribbon is in maintenance mode. We recommend switching to BlockingLoadBalancerClient instead. In order to use it, set the value of `spring.cloud.loadbalancer.ribbon.enabled` to `false` or remove spring-cloud-starter-netflix-ribbon from your project.
2020-02-10 01:53:46.963  INFO [api-gateway-service,,,] 7452 --- [main] o.s.c.n.zuul.ZuulFilterInitializer       : Starting filter initializer
2020-02-10 01:53:47.078  INFO [api-gateway-service,,,] 7452 --- [main] o.s.b.a.e.web.EndpointLinksResolver      : Exposing 2 endpoint(s) beneath base path '/actuator'
2020-02-10 01:53:47.203  INFO [api-gateway-service,,,] 7452 --- [main] o.s.c.n.eureka.InstanceInfoFactory       : Setting initial instance status as: STARTING
2020-02-10 01:53:47.311  INFO [api-gateway-service,,,] 7452 --- [main] com.netflix.discovery.DiscoveryClient    : Initializing Eureka in region us-east-1
2020-02-10 01:53:47.414  INFO [api-gateway-service,,,] 7452 --- [main] c.n.d.provider.DiscoveryJerseyProvider   : Using JSON encoding codec LegacyJacksonJson
2020-02-10 01:53:47.415  INFO [api-gateway-service,,,] 7452 --- [main] c.n.d.provider.DiscoveryJerseyProvider   : Using JSON decoding codec LegacyJacksonJson
2020-02-10 01:53:47.571  INFO [api-gateway-service,,,] 7452 --- [main] c.n.d.provider.DiscoveryJerseyProvider   : Using XML encoding codec XStreamXml
2020-02-10 01:53:47.571  INFO [api-gateway-service,,,] 7452 --- [main] c.n.d.provider.DiscoveryJerseyProvider   : Using XML decoding codec XStreamXml
2020-02-10 01:53:47.823  INFO [api-gateway-service,,,] 7452 --- [main] c.n.d.s.r.aws.ConfigClusterResolver      : Resolving eureka endpoints via configuration
2020-02-10 01:53:48.265  INFO [api-gateway-service,,,] 7452 --- [main] com.netflix.discovery.DiscoveryClient    : Disable delta property : false
2020-02-10 01:53:48.266  INFO [api-gateway-service,,,] 7452 --- [main] com.netflix.discovery.DiscoveryClient    : Single vip registry refresh property : null
2020-02-10 01:53:48.266  INFO [api-gateway-service,,,] 7452 --- [main] com.netflix.discovery.DiscoveryClient    : Force full registry fetch : false
2020-02-10 01:53:48.266  INFO [api-gateway-service,,,] 7452 --- [main] com.netflix.discovery.DiscoveryClient    : Application is null : false
2020-02-10 01:53:48.267  INFO [api-gateway-service,,,] 7452 --- [main] com.netflix.discovery.DiscoveryClient    : Registered Applications size is zero : true
2020-02-10 01:53:48.267  INFO [api-gateway-service,,,] 7452 --- [main] com.netflix.discovery.DiscoveryClient    : Application version is -1: true
2020-02-10 01:53:48.267  INFO [api-gateway-service,,,] 7452 --- [main] com.netflix.discovery.DiscoveryClient    : Getting all instance registry info from the eureka server
2020-02-10 01:53:48.445  INFO [api-gateway-service,,,] 7452 --- [main] com.netflix.discovery.DiscoveryClient    : The response status is 200
2020-02-10 01:53:48.448  INFO [api-gateway-service,,,] 7452 --- [main] com.netflix.discovery.DiscoveryClient    : Starting heartbeat executor: renew interval is: 30
2020-02-10 01:53:48.450  INFO [api-gateway-service,,,] 7452 --- [main] c.n.discovery.InstanceInfoReplicator     : InstanceInfoReplicator onDemand update allowed rate per min is 4
2020-02-10 01:53:48.455  INFO [api-gateway-service,,,] 7452 --- [main] com.netflix.discovery.DiscoveryClient    : Discovery Client initialized at timestamp 1581296028453 with initial instances count: 4
2020-02-10 01:53:48.463  INFO [api-gateway-service,,,] 7452 --- [main] o.s.c.n.e.s.EurekaServiceRegistry        : Registering application API-GATEWAY-SERVICE with eureka with status UP
2020-02-10 01:53:48.465  INFO [api-gateway-service,,,] 7452 --- [main] com.netflix.discovery.DiscoveryClient    : Saw local status change event StatusChangeEvent [timestamp=1581296028465, current=UP, previous=STARTING]
2020-02-10 01:53:48.468  INFO [api-gateway-service,,,] 7452 --- [DiscoveryClient-InstanceInfoReplicator-0] com.netflix.discovery.DiscoveryClient    : DiscoveryClient_API-GATEWAY-SERVICE/WSNL-TFhHJVjWFM.eeghlan.net:api-gateway-service:8081: registering service...
2020-02-10 01:53:48.518  INFO [api-gateway-service,,,] 7452 --- [DiscoveryClient-InstanceInfoReplicator-0] com.netflix.discovery.DiscoveryClient    : DiscoveryClient_API-GATEWAY-SERVICE/WSNL-TFhHJVjWFM.eeghlan.net:api-gateway-service:8081 - registration status: 204
2020-02-10 01:53:48.544  INFO [api-gateway-service,,,] 7452 --- [main] o.s.b.w.embedded.tomcat.TomcatWebServer  : Tomcat started on port(s): 8081 (http) with context path ''
2020-02-10 01:53:48.545  INFO [api-gateway-service,,,] 7452 --- [main] .s.c.n.e.s.EurekaAutoServiceRegistration : Updating port to 8081
2020-02-10 01:53:49.455  INFO [api-gateway-service,,,] 7452 --- [main] a.g.apigateway.ApiGatewayApplication     : Started ApiGatewayApplication in 16.881 seconds (JVM running for 17.436)
2020-02-10 01:54:50.304  INFO [api-gateway-service,,,] 7452 --- [http-nio-8081-exec-2] o.a.c.c.C.[Tomcat].[localhost].[/]       : Initializing Spring DispatcherServlet 'dispatcherServlet'
2020-02-10 01:54:50.305  INFO [api-gateway-service,,,] 7452 --- [http-nio-8081-exec-2] o.s.web.servlet.DispatcherServlet        : Initializing Servlet 'dispatcherServlet'
2020-02-10 01:54:50.315  INFO [api-gateway-service,,,] 7452 --- [http-nio-8081-exec-2] o.s.web.servlet.DispatcherServlet        : Completed initialization in 10 ms
2020-02-10 01:54:50.342  INFO [api-gateway-service,1e70eafd3f5f6288,1e70eafd3f5f6288,true] 7452 --- [http-nio-8081-exec-2] a.g.apigateway.filter.LoggingPreFilter   : GET request to http://localhost:8081/movie-catalog-service/catalog/dbmovies/user
2020-02-10 01:54:50.472  INFO [api-gateway-service,1e70eafd3f5f6288,1e70eafd3f5f6288,true] 7452 --- [http-nio-8081-exec-2] c.netflix.config.ChainedDynamicProperty  : Flipping property: movie-catalog-service.ribbon.ActiveConnectionsLimit to use NEXT property: niws.loadbalancer.availabilityFilteringRule.activeConnectionsLimit = 2147483647
2020-02-10 01:54:50.503  INFO [api-gateway-service,1e70eafd3f5f6288,1e70eafd3f5f6288,true] 7452 --- [http-nio-8081-exec-2] c.n.u.concurrent.ShutdownEnabledTimer    : Shutdown hook installed for: NFLoadBalancer-PingTimer-movie-catalog-service
2020-02-10 01:54:50.503  INFO [api-gateway-service,1e70eafd3f5f6288,1e70eafd3f5f6288,true] 7452 --- [http-nio-8081-exec-2] c.netflix.loadbalancer.BaseLoadBalancer  : Client: movie-catalog-service instantiated a LoadBalancer: DynamicServerListLoadBalancer:{NFLoadBalancer:name=movie-catalog-service,current list of Servers=[],Load balancer stats=Zone stats: {},Server stats: []}ServerList:null
2020-02-10 01:54:50.511  INFO [api-gateway-service,1e70eafd3f5f6288,1e70eafd3f5f6288,true] 7452 --- [http-nio-8081-exec-2] c.n.l.DynamicServerListLoadBalancer      : Using serverListUpdater PollingServerListUpdater
2020-02-10 01:54:50.531  INFO [api-gateway-service,1e70eafd3f5f6288,1e70eafd3f5f6288,true] 7452 --- [http-nio-8081-exec-2] c.netflix.config.ChainedDynamicProperty  : Flipping property: movie-catalog-service.ribbon.ActiveConnectionsLimit to use NEXT property: niws.loadbalancer.availabilityFilteringRule.activeConnectionsLimit = 2147483647
2020-02-10 01:54:50.533  INFO [api-gateway-service,1e70eafd3f5f6288,1e70eafd3f5f6288,true] 7452 --- [http-nio-8081-exec-2] c.n.l.DynamicServerListLoadBalancer      : DynamicServerListLoadBalancer for client movie-catalog-service initialized: DynamicServerListLoadBalancer:{NFLoadBalancer:name=movie-catalog-service,current list of Servers=[WSNL-TFhHJVjWFM.eeghlan.net:8380],Load balancer stats=Zone stats: {defaultzone=[Zone:defaultzone;	Instance count:1;	Active connections count: 0;	Circuit breaker tripped count: 0;	Active connections per server: 0.0;]
},Server stats: [[Server:WSNL-TFhHJVjWFM.eeghlan.net:8380;	Zone:defaultZone;	Total Requests:0;	Successive connection failure:0;	Total blackout seconds:0;	Last connection made:Thu Jan 01 01:00:00 CET 1970;	First connection made: Thu Jan 01 01:00:00 CET 1970;	Active Connections:0;	total failure count in last (1000) msecs:0;	average resp time:0.0;	90 percentile resp time:0.0;	95 percentile resp time:0.0;	min resp time:0.0;	max resp time:0.0;	stddev resp time:0.0]
]}ServerList:org.springframework.cloud.netflix.ribbon.eureka.DomainExtractingServerList@4c1cd1c4
2020-02-10 01:54:51.515  INFO [api-gateway-service,,,] 7452 --- [PollingServerListUpdater-0] c.netflix.config.ChainedDynamicProperty  : Flipping property: movie-catalog-service.ribbon.ActiveConnectionsLimit to use NEXT property: niws.loadbalancer.availabilityFilteringRule.activeConnectionsLimit = 2147483647
2020-02-10 01:58:48.272  INFO [api-gateway-service,,,] 7452 --- [AsyncResolver-bootstrap-executor-0] c.n.d.s.r.aws.ConfigClusterResolver      : Resolving eureka endpoints via configuration
2020-02-10 02:03:48.274  INFO [api-gateway-service,,,] 7452 --- [AsyncResolver-bootstrap-executor-0] c.n.d.s.r.aws.ConfigClusterResolver      : Resolving eureka endpoints via configuration
